<?xml version="1.0" encoding="UTF-8"?>
<!-- Generated by org.testng.reporters.JUnitReportReporter -->
<testsuite hostname="ROHIT-PC" failures="0" tests="4" name="tests.HomeTest" time="4.039" errors="0" timestamp="2022-02-19T10:15:06 IST" skipped="0">
  <testcase classname="tests.HomeTest" name="testDataTable" time="1.011"/>
  <system-out/>
  <testcase classname="tests.HomeTest" name="testDropdownSection" time="1.002"/>
  <system-out/>
  <testcase classname="tests.HomeTest" name="testHomePageTitle" time="1.014"/>
  <system-out/>
  <testcase classname="tests.HomeTest" name="testPOMSection" time="1.012"/>
  <system-out/>
</testsuite> <!-- tests.HomeTest -->
