<?xml version="1.0" encoding="UTF-8"?>
<!-- Generated by org.testng.reporters.JUnitReportReporter -->
<testsuite skipped="0" hostname="ROHIT-PC" name="tests.HomeTest" tests="4" failures="0" timestamp="2022-02-19T23:58:08 IST" time="4.057" errors="0">
  <testcase name="testPOMSection" time="1.011" classname="tests.HomeTest"/>
  <system-out/>
  <testcase name="testDataTable" time="1.007" classname="tests.HomeTest"/>
  <system-out/>
  <testcase name="testDropdownSection" time="1.010" classname="tests.HomeTest"/>
  <system-out/>
  <testcase name="testHomePageTitle" time="1.029" classname="tests.HomeTest"/>
  <system-out/>
</testsuite> <!-- tests.HomeTest -->
